<?xml version="1.0" encoding="UTF-8"?>
<testsuite xmlns:xsi="http://www.w3.org/2001/XMLSchema-instance" xsi:noNamespaceSchemaLocation="https://maven.apache.org/surefire/maven-surefire-plugin/xsd/surefire-test-report-3.0.xsd" version="3.0" name="com.st.testing.GraphAlgorithmsTest" time="0.003" tests="12" errors="0" skipped="0" failures="0">
  <properties>
    <property name="java.specification.version" value="17"/>
    <property name="sun.jnu.encoding" value="UTF-8"/>
    <property name="java.class.path" value="/home/himarishitha/Documents/AlgorithmsMutationTesting/target/test-classes:/home/himarishitha/Documents/AlgorithmsMutationTesting/target/classes:/home/himarishitha/.m2/repository/org/apache/logging/log4j/log4j-api/2.14.0/log4j-api-2.14.0.jar:/home/himarishitha/.m2/repository/org/apache/logging/log4j/log4j-core/2.14.0/log4j-core-2.14.0.jar:/home/himarishitha/.m2/repository/junit/junit/4.13.2/junit-4.13.2.jar:/home/himarishitha/.m2/repository/org/hamcrest/hamcrest-core/2.2/hamcrest-core-2.2.jar:/home/himarishitha/.m2/repository/org/hamcrest/hamcrest/2.2/hamcrest-2.2.jar:"/>
    <property name="java.vm.vendor" value="Private Build"/>
    <property name="sun.arch.data.model" value="64"/>
    <property name="java.vendor.url" value="Unknown"/>
    <property name="os.name" value="Linux"/>
    <property name="java.vm.specification.version" value="17"/>
    <property name="sun.java.launcher" value="SUN_STANDARD"/>
    <property name="user.country" value="US"/>
    <property name="sun.boot.library.path" value="/usr/lib/jvm/java-17-openjdk-amd64/lib"/>
    <property name="sun.java.command" value="/home/himarishitha/Documents/AlgorithmsMutationTesting/target/surefire/surefirebooter-20241123201204691_3.jar /home/himarishitha/Documents/AlgorithmsMutationTesting/target/surefire 2024-11-23T20-12-04_603-jvmRun1 surefire-20241123201204691_1tmp surefire_0-20241123201204691_2tmp"/>
    <property name="jdk.debug" value="release"/>
    <property name="surefire.test.class.path" value="/home/himarishitha/Documents/AlgorithmsMutationTesting/target/test-classes:/home/himarishitha/Documents/AlgorithmsMutationTesting/target/classes:/home/himarishitha/.m2/repository/org/apache/logging/log4j/log4j-api/2.14.0/log4j-api-2.14.0.jar:/home/himarishitha/.m2/repository/org/apache/logging/log4j/log4j-core/2.14.0/log4j-core-2.14.0.jar:/home/himarishitha/.m2/repository/junit/junit/4.13.2/junit-4.13.2.jar:/home/himarishitha/.m2/repository/org/hamcrest/hamcrest-core/2.2/hamcrest-core-2.2.jar:/home/himarishitha/.m2/repository/org/hamcrest/hamcrest/2.2/hamcrest-2.2.jar:"/>
    <property name="sun.cpu.endian" value="little"/>
    <property name="user.home" value="/home/himarishitha"/>
    <property name="user.language" value="en"/>
    <property name="java.specification.vendor" value="Oracle Corporation"/>
    <property name="java.version.date" value="2023-10-17"/>
    <property name="java.home" value="/usr/lib/jvm/java-17-openjdk-amd64"/>
    <property name="file.separator" value="/"/>
    <property name="basedir" value="/home/himarishitha/Documents/AlgorithmsMutationTesting"/>
    <property name="java.vm.compressedOopsMode" value="Zero based"/>
    <property name="line.separator" value="&#10;"/>
    <property name="java.vm.specification.vendor" value="Oracle Corporation"/>
    <property name="java.specification.name" value="Java Platform API Specification"/>
    <property name="surefire.real.class.path" value="/home/himarishitha/Documents/AlgorithmsMutationTesting/target/surefire/surefirebooter-20241123201204691_3.jar"/>
    <property name="sun.management.compiler" value="HotSpot 64-Bit Tiered Compilers"/>
    <property name="java.runtime.version" value="17.0.9+9-Ubuntu-123.04"/>
    <property name="user.name" value="himarishitha"/>
    <property name="path.separator" value=":"/>
    <property name="os.version" value="6.2.0-39-generic"/>
    <property name="java.runtime.name" value="OpenJDK Runtime Environment"/>
    <property name="file.encoding" value="UTF-8"/>
    <property name="java.vm.name" value="OpenJDK 64-Bit Server VM"/>
    <property name="localRepository" value="/home/himarishitha/.m2/repository"/>
    <property name="java.vendor.url.bug" value="Unknown"/>
    <property name="java.io.tmpdir" value="/tmp"/>
    <property name="java.version" value="17.0.9"/>
    <property name="user.dir" value="/home/himarishitha/Documents/AlgorithmsMutationTesting"/>
    <property name="os.arch" value="amd64"/>
    <property name="java.vm.specification.name" value="Java Virtual Machine Specification"/>
    <property name="native.encoding" value="UTF-8"/>
    <property name="java.library.path" value="/usr/java/packages/lib:/usr/lib/x86_64-linux-gnu/jni:/lib/x86_64-linux-gnu:/usr/lib/x86_64-linux-gnu:/usr/lib/jni:/lib:/usr/lib"/>
    <property name="java.vm.info" value="mixed mode, sharing"/>
    <property name="java.vendor" value="Private Build"/>
    <property name="java.vm.version" value="17.0.9+9-Ubuntu-123.04"/>
    <property name="sun.io.unicode.encoding" value="UnicodeLittle"/>
    <property name="java.class.version" value="61.0"/>
  </properties>
  <testcase name="testDijkstraPostive" classname="com.st.testing.GraphAlgorithmsTest" time="0.0"/>
  <testcase name="testBfsPositive" classname="com.st.testing.GraphAlgorithmsTest" time="0.0"/>
  <testcase name="testBfsNegative" classname="com.st.testing.GraphAlgorithmsTest" time="0.0"/>
  <testcase name="testDijkstraNegative" classname="com.st.testing.GraphAlgorithmsTest" time="0.0"/>
  <testcase name="testKruskalPositive" classname="com.st.testing.GraphAlgorithmsTest" time="0.0"/>
  <testcase name="testDfsPositive" classname="com.st.testing.GraphAlgorithmsTest" time="0.0"/>
  <testcase name="testKruskalNegative" classname="com.st.testing.GraphAlgorithmsTest" time="0.0"/>
  <testcase name="testFloydWarshallPositive" classname="com.st.testing.GraphAlgorithmsTest" time="0.0"/>
  <testcase name="testDfsNegative" classname="com.st.testing.GraphAlgorithmsTest" time="0.0"/>
  <testcase name="testFloydWarshallNegative" classname="com.st.testing.GraphAlgorithmsTest" time="0.0"/>
  <testcase name="testPrimPositive" classname="com.st.testing.GraphAlgorithmsTest" time="0.0"/>
  <testcase name="testPrimNegative" classname="com.st.testing.GraphAlgorithmsTest" time="0.0"/>
</testsuite>